<?xml version="1.0" encoding="UTF-8" ?>
<testsuite errors="0" failures="0" hostname="mbp32-bm.local" name="com.salesforce.tests.TestSuiteMain" skipped="0" tests="2" time="94.366" timestamp="2015-09-07T04:18:00">
  <properties>
[...]
</properties>
  <testcase classname="com.salesforce.tests.MainTest" name="test_a_bonusTest" time="42.731" />
  <testcase classname="com.salesforce.tests.MainTest" name="test_b_mainTest" time="50.781" />
  <system-out><![CDATA[2015-09-06 21:18:01,124 [INFO]  (?:?) - config/tests/MainTest is loaded.
2015-09-06 21:18:01,130 [INFO]  (?:?) - config/tests/MainTest is closed.
2015-09-06 21:18:01,131 [INFO]  (?:?) - leadName = Mabery, Tenisha
2015-09-06 21:18:01,132 [INFO]  (?:?) - campaignName = Automation Campaign
2015-09-06 21:18:01,150 [INFO]  (?:?) - config/pages/LoginPage is loaded.
2015-09-06 21:18:01,150 [INFO]  (?:?) - config/pages/LoginPage is closed.
2015-09-06 21:18:01,154 [INFO]  (?:?) - config/config.webdrivergenerator is loaded.
2015-09-06 21:18:01,155 [INFO]  (?:?) - config/config.webdrivergenerator is closed.
2015-09-06 21:18:01,155 [INFO]  (?:?) - webDriver info is read from config.webdriver.
2015-09-06 21:18:01,156 [INFO]  (?:?) - Try to launch Local Web Driver: Firefox
2015-09-06 21:18:06,636 [INFO]  (?:?) - WebDriver FirefoxDriver: firefox on MAC (e8be9db3-b95b-134a-8803-738a68bc9a3f) is set up.
 timeout is set up for 1 seconds.
2015-09-06 21:18:06,637 [INFO]  (?:?) - userNameField = //input[@id='username']
2015-09-06 21:18:06,644 [INFO]  (?:?) - passwordField = //input[@id='password']
2015-09-06 21:18:06,644 [INFO]  (?:?) - submitBtn = //button[@id='Login']
2015-09-06 21:18:06,645 [INFO]  (?:?) - errorMsg = //div[@id='error']
2015-09-06 21:18:06,646 [INFO]  (?:?) - baseUrl = login.salesforce.com
2015-09-06 21:18:06,649 [INFO]  (?:?) - config/config.testbaseinfo is loaded.
2015-09-06 21:18:06,650 [INFO]  (?:?) - config/config.testbaseinfo is closed.
2015-09-06 21:18:06,650 [INFO]  (?:?) - Read the config.testbaseinfo file.
2015-09-06 21:18:06,651 [INFO]  (?:?) - Direct to Login Url http://login.salesforce.com
2015-09-06 21:18:09,059 [INFO]  (?:?) - Fill in Login Page UserName field with value demo_user@salesforce.com
2015-09-06 21:18:09,587 [INFO]  (?:?) - Fill in Login Page Password field with value jVpGt4qiPjVpGt4qiP
2015-09-06 21:18:10,305 [INFO]  (?:?) - Click Submit button and expect to jump to HomePage.
2015-09-06 21:18:10,546 [INFO]  (?:?) - config/pages/HomePage is loaded.
2015-09-06 21:18:10,546 [INFO]  (?:?) - config/pages/HomePage is closed.
2015-09-06 21:18:10,547 [INFO]  (?:?) - homeUrlSegment = null
2015-09-06 21:18:10,547 [INFO]  (?:?) - tabSetDropDownBtn = //span[@id='tsidLabel']
2015-09-06 21:18:10,547 [INFO]  (?:?) - leadsTab = //ul[@id='tabBar']//a[text()='Leads']
2015-09-06 21:18:10,548 [INFO]  (?:?) - tabSetDropDownMenu = //div[@id=tsid-menuItems]
2015-09-06 21:18:17,226 [INFO]  (?:?) - Select Sales in Tab Set dropdown.
2015-09-06 21:18:17,293 [INFO]  (?:?) - Click Leads Tab.
2015-09-06 21:18:17,542 [INFO]  (?:?) - config/pages/LeadsPage is loaded.
2015-09-06 21:18:17,543 [INFO]  (?:?) - config/pages/LeadsPage is closed.
2015-09-06 21:18:17,543 [INFO]  (?:?) - addToCampaignBtn = //input[@title='Add to Campaign']
2015-09-06 21:18:17,544 [INFO]  (?:?) - viewSelector = //select[@title='View:']
2015-09-06 21:18:17,544 [INFO]  (?:?) - viewSelectorGoBtn = //input[@title='Go!']
2015-09-06 21:18:17,544 [INFO]  (?:?) - activeNextPageBtn = //div[@class='bottomNav']//a[text()='Next']
2015-09-06 21:18:18,924 [INFO]  (?:?) - Select the View Filter Dropdown option All Leads
2015-09-06 21:18:22,160 [INFO]  (?:?) - Check the lead Mabery, Tenisha in leads table.
2015-09-06 21:18:22,161 [INFO]  (?:?) - Start to search for lead Mabery, Tenisha
2015-09-06 21:18:33,531 [WARN]  (?:?) - Element with xpath By.xpath: //tr[td[div[a[span[text()='Mabery, Tenisha']]]]] is not visible in 10seconds.
2015-09-06 21:18:34,365 [INFO]  (?:?) - Lead Mabery, Tenisha found.
2015-09-06 21:18:34,695 [INFO]  (?:?) - Click Add To Campaign button.
2015-09-06 21:18:36,129 [INFO]  (?:?) - config/pages/CampaignsPage is loaded.
2015-09-06 21:18:36,130 [INFO]  (?:?) - config/pages/CampaignsPage is closed.
2015-09-06 21:18:36,131 [INFO]  (?:?) - pageHeader = //h1[text()='Campaign']
2015-09-06 21:18:36,131 [INFO]  (?:?) - campaignLookUpBtn = //a[@title='Campaign: Lookup (New Window)']
2015-09-06 21:18:36,132 [INFO]  (?:?) - addToCampaignBtn = //input[@name='save']
2015-09-06 21:18:36,132 [INFO]  (?:?) - doneBtn = //input[@title='Done']
2015-09-06 21:18:36,133 [INFO]  (?:?) - memberStatusSelect = //div[@id='prms_id']/select
2015-09-06 21:18:36,133 [INFO]  (?:?) - campaignScopeSelector = //select[@id='campaignScope']
2015-09-06 21:18:36,134 [INFO]  (?:?) - campaignScopeSearchTextField = //input[@placeholder='Search...']
2015-09-06 21:18:36,134 [INFO]  (?:?) - campaignScopeGoBtn = //input[@title='Go!']
2015-09-06 21:18:36,237 [INFO]  (?:?) - Launch a Campaign Page.
2015-09-06 21:18:36,269 [INFO]  (?:?) - Click Campaign Lookup Button.
2015-09-06 21:18:37,351 [INFO]  (?:?) - Switch to the popup window.
2015-09-06 21:18:37,604 [INFO]  (?:?) - Select the Campaign View Scope option All Campaigns
2015-09-06 21:18:38,611 [INFO]  (?:?) - Fill in Automation Campaign to search in Campaign search field.
2015-09-06 21:18:38,714 [INFO]  (?:?) - Click search campaign Go! button.
2015-09-06 21:18:39,213 [INFO]  (?:?) - Click Automation Campaign in the search result table.
2015-09-06 21:18:39,967 [INFO]  (?:?) - Popup window closed, switch back to Campaing page main window.
2015-09-06 21:18:40,441 [INFO]  (?:?) - Click Add To Campaign button.
2015-09-06 21:18:41,693 [INFO]  (?:?) - Click Done button.
2015-09-06 21:18:43,722 [INFO]  (?:?) - config/pages/LeadsPage is loaded.
2015-09-06 21:18:43,723 [INFO]  (?:?) - config/pages/LeadsPage is closed.
2015-09-06 21:18:43,723 [INFO]  (?:?) - addToCampaignBtn = //input[@title='Add to Campaign']
2015-09-06 21:18:43,724 [INFO]  (?:?) - viewSelector = //select[@title='View:']
2015-09-06 21:18:43,724 [INFO]  (?:?) - viewSelectorGoBtn = //input[@title='Go!']
2015-09-06 21:18:43,725 [INFO]  (?:?) - activeNextPageBtn = //div[@class='bottomNav']//a[text()='Next']
2015-09-06 21:18:43,878 [INFO]  (?:?) - PASSED: com.salesforce.tests.MainTest.test_a_bonusTest
2015-09-06 21:18:43,881 [INFO]  (?:?) - config/tests/MainTest is loaded.
2015-09-06 21:18:43,881 [INFO]  (?:?) - config/tests/MainTest is closed.
2015-09-06 21:18:43,882 [INFO]  (?:?) - leadName = Mabery, Tenisha
2015-09-06 21:18:43,883 [INFO]  (?:?) - campaignName = Automation Campaign
2015-09-06 21:18:43,884 [INFO]  (?:?) - config/pages/LoginPage is loaded.
2015-09-06 21:18:43,885 [INFO]  (?:?) - config/pages/LoginPage is closed.
2015-09-06 21:18:43,885 [INFO]  (?:?) - userNameField = //input[@id='username']
2015-09-06 21:18:43,886 [INFO]  (?:?) - passwordField = //input[@id='password']
2015-09-06 21:18:43,887 [INFO]  (?:?) - submitBtn = //button[@id='Login']
2015-09-06 21:18:43,887 [INFO]  (?:?) - errorMsg = //div[@id='error']
2015-09-06 21:18:43,888 [INFO]  (?:?) - baseUrl = login.salesforce.com
2015-09-06 21:18:43,888 [INFO]  (?:?) - Direct to Login Url http://login.salesforce.com
2015-09-06 21:18:44,860 [INFO]  (?:?) - Fill in Login Page UserName field with value demo_user@salesforce.com
2015-09-06 21:18:45,325 [INFO]  (?:?) - Fill in Login Page Password field with value jVpGt4qiPjVpGt4qiP
2015-09-06 21:18:45,586 [INFO]  (?:?) - Click Submit button and expect to jump to HomePage.
2015-09-06 21:18:45,770 [INFO]  (?:?) - config/pages/HomePage is loaded.
2015-09-06 21:18:45,771 [INFO]  (?:?) - config/pages/HomePage is closed.
2015-09-06 21:18:45,772 [INFO]  (?:?) - homeUrlSegment = null
2015-09-06 21:18:45,772 [INFO]  (?:?) - tabSetDropDownBtn = //span[@id='tsidLabel']
2015-09-06 21:18:45,773 [INFO]  (?:?) - leadsTab = //ul[@id='tabBar']//a[text()='Leads']
2015-09-06 21:18:45,774 [INFO]  (?:?) - tabSetDropDownMenu = //div[@id=tsid-menuItems]
2015-09-06 21:18:48,889 [INFO]  (?:?) - Select Sales in Tab Set dropdown.
2015-09-06 21:18:48,936 [INFO]  (?:?) - Click Leads Tab.
2015-09-06 21:18:49,191 [INFO]  (?:?) - config/pages/LeadsPage is loaded.
2015-09-06 21:18:49,191 [INFO]  (?:?) - config/pages/LeadsPage is closed.
2015-09-06 21:18:49,192 [INFO]  (?:?) - addToCampaignBtn = //input[@title='Add to Campaign']
2015-09-06 21:18:49,192 [INFO]  (?:?) - viewSelector = //select[@title='View:']
2015-09-06 21:18:49,192 [INFO]  (?:?) - viewSelectorGoBtn = //input[@title='Go!']
2015-09-06 21:18:49,193 [INFO]  (?:?) - activeNextPageBtn = //div[@class='bottomNav']//a[text()='Next']
2015-09-06 21:18:50,583 [INFO]  (?:?) - Select the View Filter Dropdown option All Leads
2015-09-06 21:18:54,158 [INFO]  (?:?) - Click the Del button for lead Mabery, Tenisha
2015-09-06 21:18:54,158 [INFO]  (?:?) - Start to search for lead Mabery, Tenisha
2015-09-06 21:19:05,175 [WARN]  (?:?) - Element with xpath By.xpath: //tr[td[div[a[span[text()='Mabery, Tenisha']]]]] is not visible in 10seconds.
2015-09-06 21:19:06,059 [INFO]  (?:?) - Lead Mabery, Tenisha found.
2015-09-06 21:19:07,285 [INFO]  (?:?) - Deletion Comfirmed.
2015-09-06 21:19:07,286 [INFO]  (?:?) - Start to search for lead Mabery, Tenisha
2015-09-06 21:19:34,663 [WARN]  (?:?) - Element with xpath By.xpath: //div[@class='bottomNav']//a[text()='Next'] is not present in 10seconds.
2015-09-06 21:19:34,664 [INFO]  (?:?) - Lead Mabery, Tenisha not found in table.
2015-09-06 21:19:34,664 [INFO]  (?:?) - PASSED: com.salesforce.tests.MainTest.test_b_mainTest
2015-09-06 21:19:34,958 [INFO]  (?:?) - Local webDriver is closed.
2015-09-06 21:19:34,959 [INFO]  (?:?) - Local webDriver is closed.
2015-09-06 21:19:34,960 [INFO]  (?:?) - Total test case running:2
2015-09-06 21:19:34,960 [INFO]  (?:?) - Total Failed:0
2015-09-06 21:19:34,961 [INFO]  (?:?) - Total Succeeded:2
]]></system-out>
  <system-err><![CDATA[]]></system-err>
</testsuite>
